<?xml version="1.0" encoding="UTF-8"?>
<coverage generated="1729423680872" clover="3.2.0">
  <project timestamp="1729423680872" name="All files">
    <metrics statements="12" coveredstatements="12" conditionals="6" coveredconditionals="5" methods="4" coveredmethods="4" elements="22" coveredelements="21" complexity="0" loc="12" ncloc="12" packages="1" files="2" classes="2"/>
    <file name="index.ts" path="/Users/Chitra.Koneti/Documents/be-maps-search-2/src/index.ts">
      <metrics statements="6" coveredstatements="6" conditionals="4" coveredconditionals="3" methods="2" coveredmethods="2"/>
      <line num="7" count="4" type="cond" truecount="1" falsecount="1"/>
      <line num="8" count="4" type="cond" truecount="2" falsecount="0"/>
      <line num="9" count="1" type="stmt"/>
      <line num="12" count="3" type="stmt"/>
      <line num="15" count="1" type="stmt"/>
      <line num="16" count="1" type="stmt"/>
    </file>
    <file name="maps-api.ts" path="/Users/Chitra.Koneti/Documents/be-maps-search-2/src/maps-api.ts">
      <metrics statements="6" coveredstatements="6" conditionals="2" coveredconditionals="2" methods="2" coveredmethods="2"/>
      <line num="8" count="5" type="stmt"/>
      <line num="9" count="5" type="stmt"/>
      <line num="15" count="4" type="cond" truecount="2" falsecount="0"/>
      <line num="16" count="300" type="stmt"/>
      <line num="27" count="1" type="stmt"/>
      <line num="29" count="1" type="stmt"/>
    </file>
  </project>
</coverage>
