{"/Users/Chitra.Koneti/Documents/be-maps-search-2/src/index.ts": {"path":"/Users/Chitra.Koneti/Documents/be-maps-search-2/src/index.ts","statementMap":{"0":{"start":{"line":7,"column":27},"end":{"line":7,"column":91}},"1":{"start":{"line":8,"column":4},"end":{"line":10,"column":5}},"2":{"start":{"line":9,"column":8},"end":{"line":9,"column":46}},"3":{"start":{"line":12,"column":4},"end":{"line":12,"column":54}},"4":{"start":{"line":15,"column":0},"end":{"line":17,"column":2}},"5":{"start":{"line":16,"column":4},"end":{"line":16,"column":24}}},"fnMap":{"0":{"name":"getAutoCompleteDetails","decl":{"start":{"line":6,"column":22},"end":{"line":6,"column":44}},"loc":{"start":{"line":6,"column":82},"end":{"line":13,"column":1}},"line":6},"1":{"name":"(anonymous_1)","decl":{"start":{"line":15,"column":43},"end":{"line":15,"column":44}},"loc":{"start":{"line":15,"column":54},"end":{"line":17,"column":1}},"line":15}},"branchMap":{"0":{"loc":{"start":{"line":7,"column":27},"end":{"line":7,"column":91}},"type":"binary-expr","locations":[{"start":{"line":7,"column":27},"end":{"line":7,"column":53}},{"start":{"line":7,"column":57},"end":{"line":7,"column":91}}],"line":7},"1":{"loc":{"start":{"line":8,"column":4},"end":{"line":10,"column":5}},"type":"if","locations":[{"start":{"line":8,"column":4},"end":{"line":10,"column":5}},{"start":{},"end":{}}],"line":8}},"s":{"0":4,"1":4,"2":1,"3":3,"4":1,"5":1},"f":{"0":4,"1":1},"b":{"0":[4,0],"1":[1,3]},"_coverageSchema":"1a1c01bbd47fc00a2c39e90264f33305004495a9","hash":"6edbb993b3a1f46c9d7c98ae62c4c54b29117a2e"}
,"/Users/Chitra.Koneti/Documents/be-maps-search-2/src/maps-api.ts": {"path":"/Users/Chitra.Koneti/Documents/be-maps-search-2/src/maps-api.ts","statementMap":{"0":{"start":{"line":8,"column":4},"end":{"line":28,"column":5}},"1":{"start":{"line":9,"column":44},"end":{"line":14,"column":10}},"2":{"start":{"line":15,"column":8},"end":{"line":24,"column":9}},"3":{"start":{"line":16,"column":12},"end":{"line":23,"column":15}},"4":{"start":{"line":16,"column":70},"end":{"line":23,"column":13}},"5":{"start":{"line":27,"column":8},"end":{"line":27,"column":54}},"6":{"start":{"line":29,"column":4},"end":{"line":29,"column":13}}},"fnMap":{"0":{"name":"getPlaceAutocomplete","decl":{"start":{"line":7,"column":22},"end":{"line":7,"column":42}},"loc":{"start":{"line":7,"column":93},"end":{"line":30,"column":1}},"line":7},"1":{"name":"(anonymous_1)","decl":{"start":{"line":16,"column":49},"end":{"line":16,"column":50}},"loc":{"start":{"line":16,"column":70},"end":{"line":23,"column":13}},"line":16}},"branchMap":{"0":{"loc":{"start":{"line":15,"column":8},"end":{"line":24,"column":9}},"type":"if","locations":[{"start":{"line":15,"column":8},"end":{"line":24,"column":9}},{"start":{},"end":{}}],"line":15}},"s":{"0":5,"1":5,"2":4,"3":3,"4":300,"5":1,"6":1},"f":{"0":5,"1":300},"b":{"0":[3,1]},"_coverageSchema":"1a1c01bbd47fc00a2c39e90264f33305004495a9","hash":"c980d23022320846bd98e5eac1f738b21a0ab258"}
}
