TN:
SF:src/index.ts
FN:6,getAutoCompleteDetails
FN:15,(anonymous_1)
FNF:2
FNH:2
FNDA:4,getAutoCompleteDetails
FNDA:1,(anonymous_1)
DA:7,4
DA:8,4
DA:9,1
DA:12,3
DA:15,1
DA:16,1
LF:6
LH:6
BRDA:7,0,0,4
BRDA:7,0,1,0
BRDA:8,1,0,1
BRDA:8,1,1,3
BRF:4
BRH:3
end_of_record
TN:
SF:src/maps-api.ts
FN:7,getPlaceAutocomplete
FN:16,(anonymous_1)
FNF:2
FNH:2
FNDA:5,getPlaceAutocomplete
FNDA:300,(anonymous_1)
DA:8,5
DA:9,5
DA:15,4
DA:16,300
DA:27,1
DA:29,1
LF:6
LH:6
BRDA:15,0,0,3
BRDA:15,0,1,1
BRF:2
BRH:2
end_of_record
